<?xml version="1.0" encoding="UTF-8"?>
<!-- Generated by org.testng.reporters.JUnitReportReporter -->
<testsuite hostname="DESKTOP-596VLTT" failures="0" tests="3" name="RKProject.Tests.Lect158_SubmitOrderTest" time="81.930" errors="0" timestamp="08 Nov 2024 17:03:18 GMT" skipped="0">
  <testcase classname="RKProject.Tests.Lect158_SubmitOrderTest" name="SubmitOrder" time="48.852"/>
  <testcase classname="RKProject.Tests.Lect158_SubmitOrderTest" name="SubmitOrder" time="23.553"/>
  <testcase classname="RKProject.Tests.Lect158_SubmitOrderTest" name="OrderHistoryTest" time="9.525"/>
</testsuite> <!-- RKProject.Tests.Lect158_SubmitOrderTest -->
