<?xml version="1.0" encoding="UTF-8"?>
<!-- Generated by org.testng.reporters.JUnitReportReporter -->
<testsuite hostname="DESKTOP-596VLTT" failures="0" tests="2" name="RKProject.Tests.Lect167_LoginErrorValTest" time="28.753" errors="0" timestamp="07 Oct 2024 16:07:21 GMT" skipped="0">
  <testcase classname="RKProject.Tests.Lect167_LoginErrorValTest" name="LoginErrorValidation" time="6.646"/>
  <testcase classname="RKProject.Tests.Lect167_LoginErrorValTest" name="ProductErrorValidation" time="22.107"/>
</testsuite> <!-- RKProject.Tests.Lect167_LoginErrorValTest -->
