<?xml version="1.0" encoding="UTF-8"?>
<!-- Generated by org.testng.reporters.JUnitReportReporter -->
<testsuite hostname="DESKTOP-596VLTT" failures="0" tests="2" name="RKProject.Tests.Lect167_ErrorValTest" time="69.598" errors="0" timestamp="08 Nov 2024 17:03:18 GMT" skipped="0">
  <testcase classname="RKProject.Tests.Lect167_ErrorValTest" name="LoginErrorValidation" time="14.244"/>
  <testcase classname="RKProject.Tests.Lect167_ErrorValTest" name="ProductErrorValidation" time="55.354"/>
</testsuite> <!-- RKProject.Tests.Lect167_ErrorValTest -->
