<?xml version="1.0" encoding="UTF-8"?>
<!-- Generated by org.testng.reporters.JUnitReportReporter -->
<testsuite hostname="DESKTOP-596VLTT" failures="0" tests="2" name="RKProject.Tests.Lect167_ErrorValTest" time="44.368" errors="0" timestamp="09 Nov 2024 07:56:34 GMT" skipped="0">
  <testcase classname="RKProject.Tests.Lect167_ErrorValTest" name="ProductErrorValidation" time="25.937"/>
  <testcase classname="RKProject.Tests.Lect167_ErrorValTest" name="LoginErrorValidation" time="18.431"/>
</testsuite> <!-- RKProject.Tests.Lect167_ErrorValTest -->
