<?xml version="1.0" encoding="UTF-8"?>
<!-- Generated by org.testng.reporters.JUnitReportReporter -->
<testsuite hostname="DESKTOP-596VLTT" failures="0" tests="3" name="RKProject.Tests.Lect158_SubmitOrderTest" time="70.883" errors="0" timestamp="09 Nov 2024 07:56:34 GMT" skipped="0">
  <testcase classname="RKProject.Tests.Lect158_SubmitOrderTest" name="SubmitOrder" time="31.686"/>
  <testcase classname="RKProject.Tests.Lect158_SubmitOrderTest" name="SubmitOrder" time="20.319"/>
  <testcase classname="RKProject.Tests.Lect158_SubmitOrderTest" name="OrderHistoryTest" time="18.878"/>
</testsuite> <!-- RKProject.Tests.Lect158_SubmitOrderTest -->
